<?xml version="1.0" encoding="UTF-8"?>
<!-- Generated by org.testng.reporters.JUnitReportReporter -->
<testsuite hostname="LIN-5CD5332TWS" failures="0" tests="4" name="com.runner.TestNgRunner" time="120.695" errors="0" timestamp="2025-10-16T00:19:54 IST" skipped="0">
  <testcase classname="com.runner.TestNgRunner" name="runScenario" time="8.835"/>
  <testcase classname="com.runner.TestNgRunner" name="runScenario" time="91.213"/>
  <testcase classname="com.runner.TestNgRunner" name="runScenario" time="8.685"/>
  <testcase classname="com.runner.TestNgRunner" name="runScenario" time="11.962"/>
</testsuite> <!-- com.runner.TestNgRunner -->
